<?xml version="1.0" encoding="UTF-8"?>
<!-- Generated by org.testng.reporters.JUnitReportReporter -->
<testsuite hostname="DEBMALYA-PC" failures="0" tests="1" name="SensiBullOIData" time="8.761" errors="0" timestamp="2022-05-31T13:54:17 IST" skipped="0">
  <testcase classname="SensiBullOIData" name="GetSensiBullOIData" time="8.761"/>
  <system-out/>
</testsuite> <!-- SensiBullOIData -->
